#
# There is insufficient memory for the Java Runtime Environment to continue.
# Native memory allocation (malloc) failed to allocate 32744 bytes for ChunkPool::allocate
# Possible reasons:
#   The system is out of physical RAM or swap space
#   The process is running with CompressedOops enabled, and the Java Heap may be blocking the growth of the native heap
# Possible solutions:
#   Reduce memory load on the system
#   Increase physical memory or swap space
#   Check if swap backing store is full
#   Decrease Java heap size (-Xmx/-Xms)
#   Decrease number of Java threads
#   Decrease Java thread stack sizes (-Xss)
#   Set larger code cache with -XX:ReservedCodeCacheSize=
#   JVM is running with Unscaled Compressed Oops mode in which the Java heap is
#     placed in the first 4GB address space. The Java Heap base address is the
#     maximum limit for the native heap growth. Please use -XX:HeapBaseMinAddress
#     to set the Java Heap base and to place the Java Heap above 4GB virtual address.
# This output file may be truncated or incomplete.
#
#  Out of Memory Error (allocation.cpp:272), pid=10852, tid=0x00000000000018f4
#
# JRE version: OpenJDK Runtime Environment (8.0_242-b01) (build 1.8.0_242-release-1644-b01)
# Java VM: OpenJDK 64-Bit Server VM (25.242-b01 mixed mode windows-amd64 compressed oops)
# Failed to write core dump. Minidumps are not enabled by default on client versions of Windows
#

---------------  T H R E A D  ---------------

Current thread (0x00000000161e9800):  JavaThread "C2 CompilerThread0" daemon [_thread_in_native, id=6388, stack(0x0000000017830000,0x0000000017930000)]

Stack: [0x0000000017830000,0x0000000017930000]
[error occurred during error reporting (printing stack bounds), id 0xc0000005]

Native frames: (J=compiled Java code, j=interpreted, Vv=VM code, C=native code)


Current CompileTask:
C2:3092359 9103       4       org.gradle.internal.component.external.model.AbstractModuleComponentResolveMetadata::populateConfigurationFromDescriptor (270 bytes)


---------------  P R O C E S S  ---------------

Java Threads: ( => current thread )
  0x000000001dc30000 JavaThread "build operations Thread 4" [_thread_blocked, id=12896, stack(0x00000000205c0000,0x00000000206c0000)]
  0x000000001dc29800 JavaThread "build operations Thread 3" [_thread_blocked, id=13328, stack(0x00000000204c0000,0x00000000205c0000)]
  0x000000001dc22000 JavaThread "build operations Thread 2" [_thread_blocked, id=11460, stack(0x00000000203c0000,0x00000000204c0000)]
  0x000000001dc28800 JavaThread "build operations" [_thread_blocked, id=6528, stack(0x00000000202c0000,0x00000000203c0000)]
  0x000000001dc28000 JavaThread "Cache worker for Artifact transforms cache (C:\Users\EEE\.gradle\caches\transforms-1)" [_thread_blocked, id=3728, stack(0x000000001fbc0000,0x000000001fcc0000)]
  0x000000001dc20800 JavaThread "Cache worker for file hash cache (C:\Users\EEE\Dropbox\My PC (DESKTOP-SOAD018)\Desktop\2023 cources\flutter projects\calculator\FlutterCalculator\android\.gradle\4.1\fileHashes)" [_thread_blocked, id=14228, stack(0x000000001be50000,0x000000001bf50000)]
  0x000000001dc25800 JavaThread "Stdin handler" [_thread_blocked, id=11944, stack(0x000000001bb50000,0x000000001bc50000)]
  0x000000001dc27000 JavaThread "Asynchronous log dispatcher for DefaultDaemonConnection: socket connection from /127.0.0.1:53814 to /127.0.0.1:22879" [_thread_blocked, id=13216, stack(0x000000001a680000,0x000000001a780000)]
  0x000000001dc25000 JavaThread "Daemon worker Thread 2" [_thread_in_native, id=11312, stack(0x000000001a580000,0x000000001a680000)]
  0x000000001dc24000 JavaThread "Cancel handler" [_thread_blocked, id=3476, stack(0x000000001a480000,0x000000001a580000)]
  0x000000001dc23800 JavaThread "Handler for socket connection from /127.0.0.1:53814 to /127.0.0.1:22879" [_thread_in_native, id=7500, stack(0x000000001a380000,0x000000001a480000)]
  0x000000001dc21000 JavaThread "Daemon Thread 2" [_thread_blocked, id=11336, stack(0x000000001a080000,0x000000001a180000)]
  0x000000001dc26800 JavaThread "Memory manager" [_thread_blocked, id=8900, stack(0x000000001f9c0000,0x000000001fac0000)]
  0x000000001ad15000 JavaThread "pool-1-thread-1" [_thread_blocked, id=3700, stack(0x0000000000c20000,0x0000000000d20000)]
  0x0000000019020000 JavaThread "File lock request listener" [_thread_in_native, id=10364, stack(0x000000001a880000,0x000000001a980000)]
  0x00000000181e4000 JavaThread "Cache worker for file hash cache (C:\Users\EEE\.gradle\caches\4.1\fileHashes)" [_thread_blocked, id=10736, stack(0x000000001a780000,0x000000001a880000)]
  0x0000000017bf1000 JavaThread "Daemon periodic checks" [_thread_blocked, id=4420, stack(0x0000000019e80000,0x0000000019f80000)]
  0x0000000017e18000 JavaThread "Incoming local TCP Connector on port 53814" [_thread_in_native, id=5260, stack(0x0000000019c40000,0x0000000019d40000)]
  0x0000000017a5a000 JavaThread "Service Thread" daemon [_thread_blocked, id=2992, stack(0x0000000017f30000,0x0000000018030000)]
  0x0000000017a38800 JavaThread "C1 CompilerThread2" daemon [_thread_blocked, id=316, stack(0x0000000017e30000,0x0000000017f30000)]
  0x0000000016227000 JavaThread "C2 CompilerThread1" daemon [_thread_in_native, id=11928, stack(0x0000000017930000,0x0000000017a30000)]
=>0x00000000161e9800 JavaThread "C2 CompilerThread0" daemon [_thread_in_native, id=6388, stack(0x0000000017830000,0x0000000017930000)]
  0x00000000161e7800 JavaThread "Attach Listener" daemon [_thread_blocked, id=5896, stack(0x0000000017730000,0x0000000017830000)]
  0x00000000161e6000 JavaThread "Signal Dispatcher" daemon [_thread_blocked, id=10568, stack(0x0000000017630000,0x0000000017730000)]
  0x000000000286c000 JavaThread "Finalizer" daemon [_thread_blocked, id=9228, stack(0x0000000017430000,0x0000000017530000)]
  0x0000000002863000 JavaThread "Reference Handler" daemon [_thread_blocked, id=9800, stack(0x0000000017330000,0x0000000017430000)]
  0x00000000026ee800 JavaThread "main" [_thread_blocked, id=10592, stack(0x00000000025e0000,0x00000000026e0000)]

Other Threads:
  0x00000000161a6800 VMThread [stack: 0x0000000017230000,0x0000000017330000] [id=4900]
  0x000000001623e800 WatcherThread [stack: 0x0000000018030000,0x0000000018130000] [id=3196]

VM state:not at safepoint (normal execution)

VM Mutex/Monitor currently owned by a thread: None

heap address: 0x00000000a0000000, size: 1536 MB, Compressed Oops mode: 32-bit
Narrow klass base: 0x0000000000000000, Narrow klass shift: 3
Compressed class space size: 1073741824 Address: 0x0000000100000000

Heap:
 PSYoungGen      total 35328K, used 26875K [0x00000000e0000000, 0x00000000e2980000, 0x0000000100000000)
  eden space 29184K, 81% used [0x00000000e0000000,0x00000000e1746c10,0x00000000e1c80000)
  from space 6144K, 49% used [0x00000000e2380000,0x00000000e2678020,0x00000000e2980000)
  to   space 6656K, 0% used [0x00000000e1c80000,0x00000000e1c80000,0x00000000e2300000)
 ParOldGen       total 35840K, used 16878K [0x00000000a0000000, 0x00000000a2300000, 0x00000000e0000000)
  object space 35840K, 47% used [0x00000000a0000000,0x00000000a107b828,0x00000000a2300000)
 Metaspace       used 51905K, capacity 52654K, committed 53376K, reserved 1095680K
  class space    used 6371K, capacity 6640K, committed 6784K, reserved 1048576K

Card table byte_map: [0x0000000011c30000,0x0000000011f40000] byte_map_base: 0x0000000011730000

Marking Bits: (ParMarkBitMap*) 0x0000000052d0f030
 Begin Bits: [0x0000000012540000, 0x0000000013d40000)
 End Bits:   [0x0000000013d40000, 0x0000000015540000)

Polling page: 0x0000000000db0000

CodeCache: size=245760Kb used=27488Kb max_used=27608Kb free=218271Kb
 bounds [0x0000000002870000, 0x00000000043a0000, 0x0000000011870000]
 total_blobs=8241 nmethods=7445 adapters=709
 compilation: enabled

Compilation events (10 events):
Event: 3090.769 Thread 0x0000000017a38800 nmethod 9098 0x00000000043845d0 code [0x00000000043847a0, 0x0000000004384f08]
Event: 3090.769 Thread 0x0000000017a38800 9099       3       org.gradle.internal.component.external.model.DefaultModuleComponentIdentifier::newId (26 bytes)
Event: 3090.770 Thread 0x0000000017a38800 nmethod 9099 0x0000000004383e10 code [0x0000000004383fa0, 0x0000000004384388]
Event: 3090.770 Thread 0x0000000017a38800 9101       3       org.gradle.internal.resolve.result.DefaultBuildableComponentIdResolveResult::getId (9 bytes)
Event: 3090.770 Thread 0x0000000017a38800 nmethod 9101 0x0000000004383850 code [0x00000000043839c0, 0x0000000004383cc8]
Event: 3090.770 Thread 0x0000000017a38800 9102       3       org.gradle.internal.component.model.DefaultComponentOverrideMetadata::extractClientModule (31 bytes)
Event: 3090.770 Thread 0x0000000017a38800 nmethod 9102 0x0000000004382f50 code [0x00000000043830e0, 0x0000000004383730]
Event: 3090.796 Thread 0x0000000016227000 nmethod 9100 0x0000000004196250 code [0x0000000004196460, 0x0000000004196fa0]
Event: 3091.224 Thread 0x00000000161e9800 9103       4       org.gradle.internal.component.external.model.AbstractModuleComponentResolveMetadata::populateConfigurationFromDescriptor (270 bytes)
Event: 3091.224 Thread 0x0000000016227000 9104       4       org.gradle.internal.component.external.model.AbstractModuleComponentResolveMetadata$DefaultConfigurationMetadata::collectInheritedArtifacts (71 bytes)

GC Heap History (10 events):
Event: 263.461 GC heap before
{Heap before GC invocations=69 (full 2):
 PSYoungGen      total 38912K, used 33073K [0x00000000e0000000, 0x00000000e2e80000, 0x0000000100000000)
  eden space 32256K, 100% used [0x00000000e0000000,0x00000000e1f80000,0x00000000e1f80000)
  from space 6656K, 12% used [0x00000000e2800000,0x00000000e28cc470,0x00000000e2e80000)
  to   space 7680K, 0% used [0x00000000e1f80000,0x00000000e1f80000,0x00000000e2700000)
 ParOldGen       total 32256K, used 28492K [0x00000000a0000000, 0x00000000a1f80000, 0x00000000e0000000)
  object space 32256K, 88% used [0x00000000a0000000,0x00000000a1bd31b0,0x00000000a1f80000)
 Metaspace       used 49582K, capacity 50518K, committed 50944K, reserved 1093632K
  class space    used 6251K, capacity 6571K, committed 6656K, reserved 1048576K
Event: 263.466 GC heap after
Heap after GC invocations=69 (full 2):
 PSYoungGen      total 32256K, used 576K [0x00000000e0000000, 0x00000000e2c80000, 0x0000000100000000)
  eden space 31232K, 0% used [0x00000000e0000000,0x00000000e0000000,0x00000000e1e80000)
  from space 1024K, 56% used [0x00000000e1f80000,0x00000000e2010000,0x00000000e2080000)
  to   space 7168K, 0% used [0x00000000e2580000,0x00000000e2580000,0x00000000e2c80000)
 ParOldGen       total 32256K, used 28901K [0x00000000a0000000, 0x00000000a1f80000, 0x00000000e0000000)
  object space 32256K, 89% used [0x00000000a0000000,0x00000000a1c397d8,0x00000000a1f80000)
 Metaspace       used 49582K, capacity 50518K, committed 50944K, reserved 1093632K
  class space    used 6251K, capacity 6571K, committed 6656K, reserved 1048576K
}
Event: 2719.864 GC heap before
{Heap before GC invocations=70 (full 2):
 PSYoungGen      total 32256K, used 31808K [0x00000000e0000000, 0x00000000e2c80000, 0x0000000100000000)
  eden space 31232K, 100% used [0x00000000e0000000,0x00000000e1e80000,0x00000000e1e80000)
  from space 1024K, 56% used [0x00000000e1f80000,0x00000000e2010000,0x00000000e2080000)
  to   space 7168K, 0% used [0x00000000e2580000,0x00000000e2580000,0x00000000e2c80000)
 ParOldGen       total 32256K, used 28901K [0x00000000a0000000, 0x00000000a1f80000, 0x00000000e0000000)
  object space 32256K, 89% used [0x00000000a0000000,0x00000000a1c397d8,0x00000000a1f80000)
 Metaspace       used 52013K, capacity 53000K, committed 53120K, reserved 1095680K
  class space    used 6431K, capacity 6768K, committed 6784K, reserved 1048576K
Event: 2726.848 GC heap after
Heap after GC invocations=70 (full 2):
 PSYoungGen      total 35328K, used 2189K [0x00000000e0000000, 0x00000000e2a80000, 0x0000000100000000)
  eden space 30208K, 0% used [0x00000000e0000000,0x00000000e0000000,0x00000000e1d80000)
  from space 5120K, 42% used [0x00000000e2580000,0x00000000e27a3650,0x00000000e2a80000)
  to   space 6656K, 0% used [0x00000000e1d80000,0x00000000e1d80000,0x00000000e2400000)
 ParOldGen       total 32256K, used 29197K [0x00000000a0000000, 0x00000000a1f80000, 0x00000000e0000000)
  object space 32256K, 90% used [0x00000000a0000000,0x00000000a1c837e8,0x00000000a1f80000)
 Metaspace       used 52013K, capacity 53000K, committed 53120K, reserved 1095680K
  class space    used 6431K, capacity 6768K, committed 6784K, reserved 1048576K
}
Event: 2732.181 GC heap before
{Heap before GC invocations=71 (full 2):
 PSYoungGen      total 35328K, used 32397K [0x00000000e0000000, 0x00000000e2a80000, 0x0000000100000000)
  eden space 30208K, 100% used [0x00000000e0000000,0x00000000e1d80000,0x00000000e1d80000)
  from space 5120K, 42% used [0x00000000e2580000,0x00000000e27a3650,0x00000000e2a80000)
  to   space 6656K, 0% used [0x00000000e1d80000,0x00000000e1d80000,0x00000000e2400000)
 ParOldGen       total 32256K, used 29197K [0x00000000a0000000, 0x00000000a1f80000, 0x00000000e0000000)
  object space 32256K, 90% used [0x00000000a0000000,0x00000000a1c837e8,0x00000000a1f80000)
 Metaspace       used 52038K, capacity 53000K, committed 53120K, reserved 1095680K
  class space    used 6431K, capacity 6768K, committed 6784K, reserved 1048576K
Event: 2732.185 GC heap after
Heap after GC invocations=71 (full 2):
 PSYoungGen      total 30208K, used 160K [0x00000000e0000000, 0x00000000e2a00000, 0x0000000100000000)
  eden space 29696K, 0% used [0x00000000e0000000,0x00000000e0000000,0x00000000e1d00000)
  from space 512K, 31% used [0x00000000e1d80000,0x00000000e1da8000,0x00000000e1e00000)
  to   space 6656K, 0% used [0x00000000e2380000,0x00000000e2380000,0x00000000e2a00000)
 ParOldGen       total 32256K, used 29670K [0x00000000a0000000, 0x00000000a1f80000, 0x00000000e0000000)
  object space 32256K, 91% used [0x00000000a0000000,0x00000000a1cf9808,0x00000000a1f80000)
 Metaspace       used 52038K, capacity 53000K, committed 53120K, reserved 1095680K
  class space    used 6431K, capacity 6768K, committed 6784K, reserved 1048576K
}
Event: 2732.185 GC heap before
{Heap before GC invocations=72 (full 3):
 PSYoungGen      total 30208K, used 160K [0x00000000e0000000, 0x00000000e2a00000, 0x0000000100000000)
  eden space 29696K, 0% used [0x00000000e0000000,0x00000000e0000000,0x00000000e1d00000)
  from space 512K, 31% used [0x00000000e1d80000,0x00000000e1da8000,0x00000000e1e00000)
  to   space 6656K, 0% used [0x00000000e2380000,0x00000000e2380000,0x00000000e2a00000)
 ParOldGen       total 32256K, used 29670K [0x00000000a0000000, 0x00000000a1f80000, 0x00000000e0000000)
  object space 32256K, 91% used [0x00000000a0000000,0x00000000a1cf9808,0x00000000a1f80000)
 Metaspace       used 52038K, capacity 53000K, committed 53120K, reserved 1095680K
  class space    used 6431K, capacity 6768K, committed 6784K, reserved 1048576K
Event: 2732.398 GC heap after
Heap after GC invocations=72 (full 3):
 PSYoungGen      total 30208K, used 0K [0x00000000e0000000, 0x00000000e2a00000, 0x0000000100000000)
  eden space 29696K, 0% used [0x00000000e0000000,0x00000000e0000000,0x00000000e1d00000)
  from space 512K, 0% used [0x00000000e1d80000,0x00000000e1d80000,0x00000000e1e00000)
  to   space 6656K, 0% used [0x00000000e2380000,0x00000000e2380000,0x00000000e2a00000)
 ParOldGen       total 35840K, used 16870K [0x00000000a0000000, 0x00000000a2300000, 0x00000000e0000000)
  object space 35840K, 47% used [0x00000000a0000000,0x00000000a1079828,0x00000000a2300000)
 Metaspace       used 51586K, capacity 52228K, committed 53120K, reserved 1095680K
  class space    used 6339K, capacity 6590K, committed 6784K, reserved 1048576K
}
Event: 3074.668 GC heap before
{Heap before GC invocations=73 (full 3):
 PSYoungGen      total 30208K, used 29696K [0x00000000e0000000, 0x00000000e2a00000, 0x0000000100000000)
  eden space 29696K, 100% used [0x00000000e0000000,0x00000000e1d00000,0x00000000e1d00000)
  from space 512K, 0% used [0x00000000e1d80000,0x00000000e1d80000,0x00000000e1e00000)
  to   space 6656K, 0% used [0x00000000e2380000,0x00000000e2380000,0x00000000e2a00000)
 ParOldGen       total 35840K, used 16870K [0x00000000a0000000, 0x00000000a2300000, 0x00000000e0000000)
  object space 35840K, 47% used [0x00000000a0000000,0x00000000a1079828,0x00000000a2300000)
 Metaspace       used 51808K, capacity 52468K, committed 53120K, reserved 1095680K
  class space    used 6359K, capacity 6624K, committed 6784K, reserved 1048576K
Event: 3075.277 GC heap after
Heap after GC invocations=73 (full 3):
 PSYoungGen      total 35328K, used 3040K [0x00000000e0000000, 0x00000000e2980000, 0x0000000100000000)
  eden space 29184K, 0% used [0x00000000e0000000,0x00000000e0000000,0x00000000e1c80000)
  from space 6144K, 49% used [0x00000000e2380000,0x00000000e2678020,0x00000000e2980000)
  to   space 6656K, 0% used [0x00000000e1c80000,0x00000000e1c80000,0x00000000e2300000)
 ParOldGen       total 35840K, used 16878K [0x00000000a0000000, 0x00000000a2300000, 0x00000000e0000000)
  object space 35840K, 47% used [0x00000000a0000000,0x00000000a107b828,0x00000000a2300000)
 Metaspace       used 51808K, capacity 52468K, committed 53120K, reserved 1095680K
  class space    used 6359K, capacity 6624K, committed 6784K, reserved 1048576K
}

Deoptimization events (10 events):
Event: 3046.311 Thread 0x000000001dc25000 Uncommon trap: reason=array_check action=maybe_recompile pc=0x0000000003a2afc8 method=java.util.ComparableTimSort.mergeHi(IIII)V @ 277
Event: 3047.015 Thread 0x000000001dc25000 Uncommon trap: reason=predicate action=maybe_recompile pc=0x0000000003d9acf8 method=java.util.ComparableTimSort.mergeLo(IIII)V @ 147
Event: 3047.199 Thread 0x000000001dc25000 Uncommon trap: reason=class_check action=maybe_recompile pc=0x0000000003c09f1c method=com.google.common.collect.AbstractMapBasedMultimap.put(Ljava/lang/Object;Ljava/lang/Object;)Z @ 10
Event: 3047.326 Thread 0x000000001dc25000 Uncommon trap: reason=class_check action=maybe_recompile pc=0x0000000003ca6ee8 method=org.gradle.model.internal.type.ModelType.wrap(Ljava/lang/reflect/Type;)Lorg/gradle/model/internal/type/TypeWrapper; @ 33
Event: 3047.431 Thread 0x000000001dc25000 Uncommon trap: reason=class_check action=maybe_recompile pc=0x0000000003ca6ee8 method=org.gradle.model.internal.type.ModelType.wrap(Ljava/lang/reflect/Type;)Lorg/gradle/model/internal/type/TypeWrapper; @ 33
Event: 3074.255 Thread 0x000000001dc25000 Uncommon trap: reason=predicate action=maybe_recompile pc=0x0000000003682424 method=java.util.ComparableTimSort.mergeLo(IIII)V @ 147
Event: 3081.954 Thread 0x000000001dc25000 Uncommon trap: reason=array_check action=maybe_recompile pc=0x0000000004323708 method=java.util.ComparableTimSort.mergeLo(IIII)V @ 240
Event: 3081.954 Thread 0x000000001dc25000 Uncommon trap: reason=array_check action=maybe_recompile pc=0x00000000043236b0 method=java.util.ComparableTimSort.mergeLo(IIII)V @ 207
Event: 3082.224 Thread 0x000000001dc25000 Uncommon trap: reason=array_check action=maybe_recompile pc=0x00000000043236b0 method=java.util.ComparableTimSort.mergeLo(IIII)V @ 207
Event: 3083.571 Thread 0x000000001dc26800 Uncommon trap: reason=unstable_if action=reinterpret pc=0x0000000004155324 method=java.lang.ref.SoftReference.get()Ljava/lang/Object; @ 6

Classes redefined (0 events):
No events

Internal exceptions (10 events):
Event: 3042.793 Thread 0x000000001dc23800 Exception <a 'java/lang/NoSuchMethodError': <clinit>> (0x00000000e06e5320) thrown at [C:\src\AOSP-openjdk-git\hotspot\src\share\vm\prims\jni.cpp, line 1615]
Event: 3042.796 Thread 0x000000001dc23800 Exception <a 'java/lang/NoSuchMethodError': <clinit>> (0x00000000e0706eb0) thrown at [C:\src\AOSP-openjdk-git\hotspot\src\share\vm\prims\jni.cpp, line 1615]
Event: 3042.934 Thread 0x000000001dc25000 Implicit null exception at 0x000000000392c3de to 0x000000000392c56d
Event: 3043.060 Thread 0x000000001dc25000 Exception <a 'java/lang/NoSuchMethodError': <clinit>> (0x00000000e074c698) thrown at [C:\src\AOSP-openjdk-git\hotspot\src\share\vm\prims\jni.cpp, line 1615]
Event: 3043.061 Thread 0x000000001dc25000 Exception <a 'java/lang/NoSuchMethodError': <clinit>> (0x00000000e0754728) thrown at [C:\src\AOSP-openjdk-git\hotspot\src\share\vm\prims\jni.cpp, line 1615]
Event: 3043.303 Thread 0x000000001dc25000 Implicit null exception at 0x0000000003d8a983 to 0x0000000003d8aeed
Event: 3045.011 Thread 0x000000001dc25000 Implicit null exception at 0x0000000003cd73a3 to 0x0000000003cd7a05
Event: 3078.010 Thread 0x000000001dc25000 Exception <a 'sun/nio/fs/WindowsException'> (0x00000000e0d0ad98) thrown at [C:\src\AOSP-openjdk-git\hotspot\src\share\vm\prims\jni.cpp, line 710]
Event: 3078.832 Thread 0x000000001dc25000 Exception <a 'sun/nio/fs/WindowsException'> (0x00000000e0d16f30) thrown at [C:\src\AOSP-openjdk-git\hotspot\src\share\vm\prims\jni.cpp, line 710]
Event: 3083.571 Thread 0x000000001dc26800 Implicit null exception at 0x000000000414d36e to 0x00000000041552f5

Events (10 events):
Event: 3082.876 loading class groovy/runtime/metaclass/flutter_c36k9mpr1372vg34prsx8548z$_run_closure1$_closure2MetaClass done
Event: 3082.878 loading class groovy/runtime/metaclass/flutter_c36k9mpr1372vg34prsx8548z$_run_closure1$_closure3MetaClass
Event: 3082.878 loading class groovy/runtime/metaclass/flutter_c36k9mpr1372vg34prsx8548z$_run_closure1$_closure3MetaClass done
Event: 3083.525 loading class org/gradle/workers/internal/WorkerDaemonExpiration$SimpleMemoryExpirationSelector
Event: 3083.525 loading class org/gradle/workers/internal/WorkerDaemonExpiration$SimpleMemoryExpirationSelector done
Event: 3083.571 Thread 0x000000001dc26800 Uncommon trap: trap_request=0xffffff65 fr.pc=0x0000000004155324
Event: 3083.571 Thread 0x000000001dc26800 DEOPT PACKING pc=0x0000000004155324 sp=0x000000001fabca40
Event: 3083.571 Thread 0x000000001dc26800 DEOPT UNPACKING pc=0x00000000028b557b sp=0x000000001fabc868 mode 2
Event: 3083.871 loading class org/gradle/workers/internal/WorkerDaemonClientsManager$1
Event: 3083.871 loading class org/gradle/workers/internal/WorkerDaemonClientsManager$1 done


Dynamic libraries:
0x00007ff6c7490000 - 0x00007ff6c74c1000 	C:\Program Files\Android\Android Studio\jre\bin\java.exe
0x00007ff8a8a30000 - 0x00007ff8a8c28000 	C:\WINDOWS\SYSTEM32\ntdll.dll
0x00007ff890450000 - 0x00007ff890469000 	C:\Program Files\AVAST Software\Avast\aswhook.dll
0x00007ff8a7260000 - 0x00007ff8a731f000 	C:\WINDOWS\System32\KERNEL32.DLL
0x00007ff8a6550000 - 0x00007ff8a6846000 	C:\WINDOWS\System32\KERNELBASE.dll
0x00007ff8a38e0000 - 0x00007ff8a3971000 	C:\WINDOWS\SYSTEM32\apphelp.dll
0x00007ff8a6cc0000 - 0x00007ff8a6d6f000 	C:\WINDOWS\System32\ADVAPI32.dll
0x00007ff8a7320000 - 0x00007ff8a73be000 	C:\WINDOWS\System32\msvcrt.dll
0x00007ff8a7720000 - 0x00007ff8a77bc000 	C:\WINDOWS\System32\sechost.dll
0x00007ff8a6b80000 - 0x00007ff8a6ca6000 	C:\WINDOWS\System32\RPCRT4.dll
0x00007ff8a77c0000 - 0x00007ff8a795d000 	C:\WINDOWS\System32\USER32.dll
0x00007ff8a6850000 - 0x00007ff8a6872000 	C:\WINDOWS\System32\win32u.dll
0x00007ff8a73d0000 - 0x00007ff8a73fc000 	C:\WINDOWS\System32\GDI32.dll
0x00007ff8a63c0000 - 0x00007ff8a64d5000 	C:\WINDOWS\System32\gdi32full.dll
0x00007ff8a6110000 - 0x00007ff8a61ad000 	C:\WINDOWS\System32\msvcp_win.dll
0x00007ff8a62c0000 - 0x00007ff8a63c0000 	C:\WINDOWS\System32\ucrtbase.dll
0x00007ff8919d0000 - 0x00007ff891c6a000 	C:\WINDOWS\WinSxS\amd64_microsoft.windows.common-controls_6595b64144ccf1df_6.0.19041.1110_none_60b5254171f9507e\COMCTL32.dll
0x00007ff8a70d0000 - 0x00007ff8a7100000 	C:\WINDOWS\System32\IMM32.DLL
0x0000000052d90000 - 0x0000000052e62000 	C:\Program Files\Android\Android Studio\jre\jre\bin\msvcr100.dll
0x0000000052540000 - 0x0000000052d8b000 	C:\Program Files\Android\Android Studio\jre\jre\bin\server\jvm.dll
0x00007ff8a6cb0000 - 0x00007ff8a6cb8000 	C:\WINDOWS\System32\PSAPI.DLL
0x00007ff89dc60000 - 0x00007ff89dc6a000 	C:\WINDOWS\SYSTEM32\VERSION.dll
0x00007ff89dc70000 - 0x00007ff89dc97000 	C:\WINDOWS\SYSTEM32\WINMM.dll
0x00007ff8969e0000 - 0x00007ff8969e9000 	C:\WINDOWS\SYSTEM32\WSOCK32.dll
0x00007ff8a6a90000 - 0x00007ff8a6afb000 	C:\WINDOWS\System32\WS2_32.dll
0x00007ff8a1fd0000 - 0x00007ff8a1fdf000 	C:\Program Files\Android\Android Studio\jre\jre\bin\verify.dll
0x00007ff89ecc0000 - 0x00007ff89ece9000 	C:\Program Files\Android\Android Studio\jre\jre\bin\java.dll
0x00007ff8a0370000 - 0x00007ff8a0386000 	C:\Program Files\Android\Android Studio\jre\jre\bin\zip.dll
0x00007ff8a7b20000 - 0x00007ff8a8264000 	C:\WINDOWS\System32\SHELL32.dll
0x00007ff8a41b0000 - 0x00007ff8a4943000 	C:\WINDOWS\SYSTEM32\windows.storage.dll
0x00007ff8a6d70000 - 0x00007ff8a70c4000 	C:\WINDOWS\System32\combase.dll
0x00007ff8a5b50000 - 0x00007ff8a5b7e000 	C:\WINDOWS\SYSTEM32\Wldp.dll
0x00007ff8a7100000 - 0x00007ff8a71ad000 	C:\WINDOWS\System32\SHCORE.dll
0x00007ff8a8800000 - 0x00007ff8a8855000 	C:\WINDOWS\System32\shlwapi.dll
0x00007ff8a6040000 - 0x00007ff8a6065000 	C:\WINDOWS\SYSTEM32\profapi.dll
0x00007ff89ee30000 - 0x00007ff89ee4a000 	C:\Program Files\Android\Android Studio\jre\jre\bin\net.dll
0x00007ff8a58b0000 - 0x00007ff8a591a000 	C:\WINDOWS\system32\mswsock.dll
0x00007ff89ed30000 - 0x00007ff89ed43000 	C:\Program Files\Android\Android Studio\jre\jre\bin\nio.dll
0x00007ff89ef00000 - 0x00007ff89ef1e000 	C:\Users\EEE\.gradle\native\25\windows-amd64\native-platform.dll
0x00007ff8a1fe0000 - 0x00007ff8a1fed000 	C:\Program Files\Android\Android Studio\jre\jre\bin\management.dll
0x00007ff8a5aa0000 - 0x00007ff8a5ab8000 	C:\WINDOWS\SYSTEM32\CRYPTSP.dll
0x00007ff8a5150000 - 0x00007ff8a5184000 	C:\WINDOWS\system32\rsaenh.dll
0x00007ff8a6290000 - 0x00007ff8a62b7000 	C:\WINDOWS\System32\bcrypt.dll
0x00007ff8a6000000 - 0x00007ff8a602e000 	C:\WINDOWS\SYSTEM32\USERENV.dll
0x00007ff8a6200000 - 0x00007ff8a6282000 	C:\WINDOWS\System32\bcryptprimitives.dll
0x00007ff8a5ac0000 - 0x00007ff8a5acc000 	C:\WINDOWS\SYSTEM32\CRYPTBASE.dll
0x00007ff8a5550000 - 0x00007ff8a558b000 	C:\WINDOWS\SYSTEM32\IPHLPAPI.DLL
0x00007ff8a73c0000 - 0x00007ff8a73c8000 	C:\WINDOWS\System32\NSI.dll
0x00007ff89c210000 - 0x00007ff89c227000 	C:\WINDOWS\SYSTEM32\dhcpcsvc6.DLL
0x00007ff89c9d0000 - 0x00007ff89c9ed000 	C:\WINDOWS\SYSTEM32\dhcpcsvc.DLL
0x00007ff8a5590000 - 0x00007ff8a565a000 	C:\WINDOWS\SYSTEM32\DNSAPI.dll
0x00007ff89ef90000 - 0x00007ff89efb4000 	C:\Program Files\Android\Android Studio\jre\jre\bin\sunec.dll
0x00007ff8976c0000 - 0x00007ff8976ca000 	C:\Windows\System32\rasadhlp.dll
0x00007ff897a20000 - 0x00007ff897aa2000 	C:\WINDOWS\System32\fwpuclnt.dll
0x00007ff8a1ba0000 - 0x00007ff8a1bab000 	C:\Program Files\Android\Android Studio\jre\jre\bin\sunmscapi.dll
0x00007ff8a6880000 - 0x00007ff8a69de000 	C:\WINDOWS\System32\CRYPT32.dll

VM Arguments:
jvm_args: -Xmx1536M -Dfile.encoding=windows-1252 -Duser.country=US -Duser.language=en -Duser.variant 
java_command: org.gradle.launcher.daemon.bootstrap.GradleDaemon 4.1
java_class_path (initial): C:\Users\EEE\.gradle\wrapper\dists\gradle-4.1-all\bzyivzo6n839fup2jbap0tjew\gradle-4.1\lib\gradle-launcher-4.1.jar
Launcher Type: SUN_STANDARD

Environment Variables:
JAVA_HOME=C:\Program Files\Android\Android Studio\jre
CLASSPATH=C:\Users\EEE\Dropbox\My PC (DESKTOP-SOAD018)\Desktop\2023 cources\flutter projects\calculator\FlutterCalculator\android\\gradle\wrapper\gradle-wrapper.jar
PATH=C:\Program Files\Common Files\Oracle\Java\javapath;C:\WINDOWS\system32;C:\WINDOWS;C:\WINDOWS\System32\Wbem;C:\WINDOWS\System32\WindowsPowerShell\v1.0\;C:\WINDOWS\System32\OpenSSH\;C:\Program Files (x86)\ATI Technologies\ATI.ACE\Core-Static;C:\Program Files\Dart\dart-sdk\bin;C:\Program Files\Microsoft SQL Server\130\Tools\Binn\;C:\Program Files\Git\cmd;E:\MatlabR2022b\bin;E:\runtime\win64;E:\MATLAB\R2019a\runtime\win64;E:\MATLAB\R2019a\bin;E:\MATLAB\R2019a\polyspace\bin;c:\altera\81\quartus\bin;E:\bin;C:\Users\EEE\AppData\Local\Programs\Python\Python38-32\Scripts\;C:\Users\EEE\AppData\Local\Programs\Python\Python38-32\;C:\Users\EEE\AppData\Local\Microsoft\WindowsApps;C:\Users\EEE\AppData\Local\JetBrains\IntelliJ IDEA 2019.3.4\bin;;C:\Program Files\Dart\dart-sdk\bin;C:\Users\EEE\AppData\Local\Programs\Microsoft VS Code\bin;C:\src\flutter\flutter\bin;C:\MinGW\bin;;C:\src\flutter\flutter\bin\mingit\cmd
USERNAME=EEE
OS=Windows_NT
PROCESSOR_IDENTIFIER=Intel64 Family 6 Model 37 Stepping 5, GenuineIntel



---------------  S Y S T E M  ---------------

OS: Windows 10.0 , 64 bit Build 19041 (10.0.19041.3155)

CPU:total 4 (initial active 4) (2 cores per cpu, 2 threads per core) family 6 model 37 stepping 5, cmov, cx8, fxsr, mmx, sse, sse2, sse3, ssse3, sse4.1, sse4.2, popcnt, ht, tsc, tscinvbit

Memory: 4k page, physical 3987308k(241152k free), swap 9311072k(12k free)

vm_info: OpenJDK 64-Bit Server VM (25.242-b01) for windows-amd64 JRE (1.8.0_242-release-1644-b01), built by "builder" with MS VC++ 10.0 (VS2010)

time: Thu Oct 05 23:42:44 2023
timezone: Libya Standard Time
elapsed time: 3093 seconds (0d 0h 51m 33s)

